This is pdfTeX, Version 3.14159265-2.6-1.40.19 (MiKTeX 2.9.6630 64-bit) (preloaded format=pdflatex 2018.4.24)  24 APR 2018 18:20
entering extended mode
**./YRcontents_en.tex
(YRcontents_en.tex
LaTeX2e <2017-04-15>
Babel <3.18> and hyphenation patterns for 75 language(s) loaded.

! LaTeX Error: \YRname undefined.

See the LaTeX manual or LaTeX Companion for explanation.
Type  H <return>  for immediate help.
 ...                                              
                                                  
l.2 \renewcommand{\YRname}
                          {R. Oechslin}
Try typing  <return>  to proceed.
If that doesn't work, type  X <return>  to quit.

)
! Emergency stop.
<*> ./YRcontents_en.tex
                       
*** (job aborted, no legal \end found)

 
Here is how much of TeX's memory you used:
 20 strings out of 493305
 356 string characters out of 3128497
 60509 words of memory out of 3000000
 3671 multiletter control sequences out of 15000+200000
 3640 words of font info for 14 fonts, out of 3000000 for 9000
 1141 hyphenation exceptions out of 8191
 7i,0n,6p,1043b,14s stack positions out of 5000i,500n,10000p,200000b,50000s
!  ==> Fatal error occurred, no output PDF file produced!
